<?xml version="1.0" encoding="UTF-8"?>
<!-- Generated by org.testng.reporters.JUnitXMLReporter -->
<testsuite hostname="DESKTOP-0M1MH5T" ignored="0" name="RestAssuredTest" tests="8" failures="0" timestamp="2022-01-16T07:44:55 IST" time="12.789" errors="0">
  <testcase name="getAllUsersTest" time="4.571" classname="com.qa.restassured.testcases.GetUsersTest"/>
  <testcase name="getSingleUserNotFoundTest" time="1.086" classname="com.qa.restassured.testcases.GetUsersTest"/>
  <testcase name="getSingleUserTest" time="1.004" classname="com.qa.restassured.testcases.GetUsersTest"/>
  <testcase name="createUser400BadReqestTest" time="1.081" classname="com.qa.restassured.testcases.CreateUserTest"/>
  <testcase name="createUsersTest" time="1.134" classname="com.qa.restassured.testcases.CreateUserTest"/>
  <testcase name="updateUserTest" time="1.073" classname="com.qa.restassured.testcases.UpdateUserTest"/>
  <testcase name="updateUserWithPatchTest" time="1.152" classname="com.qa.restassured.testcases.UpdateUserTest"/>
  <testcase name="deleteUserTest" time="1.067" classname="com.qa.restassured.testcases.DeleteUserTest"/>
</testsuite> <!-- RestAssuredTest -->
