<?xml version="1.0" encoding="UTF-8"?>
<testsuite xmlns:xsi="http://www.w3.org/2001/XMLSchema-instance" xsi:schemaLocation="https://maven.apache.org/surefire/maven-surefire-plugin/xsd/surefire-test-report.xsd" name="TestSuite" time="13.832" tests="8" errors="0" skipped="0" failures="0">
  <properties>
[...]
</properties>
  <testcase name="getAllUsersTest" classname="com.qa.restassured.testcases.GetUsersTest" time="4.585"/>
  <testcase name="getSingleUserNotFoundTest" classname="com.qa.restassured.testcases.GetUsersTest" time="1.073"/>
  <testcase name="getSingleUserTest" classname="com.qa.restassured.testcases.GetUsersTest" time="1.005"/>
  <testcase name="createUser400BadReqestTest" classname="com.qa.restassured.testcases.CreateUserTest" time="1.081"/>
  <testcase name="createUsersTest" classname="com.qa.restassured.testcases.CreateUserTest" time="1.134"/>
  <testcase name="updateUserTest" classname="com.qa.restassured.testcases.UpdateUserTest" time="1.074"/>
  <testcase name="updateUserWithPatchTest" classname="com.qa.restassured.testcases.UpdateUserTest" time="1.152"/>
  <testcase name="deleteUserTest" classname="com.qa.restassured.testcases.DeleteUserTest" time="1.068"/>
</testsuite>